0 info it worked if it ends with ok
1 verbose cli [ 'C:\\Program Files\\nodejs\\\\node.exe',
1 verbose cli   'C:\\Program Files\\nodejs\\node_modules\\npm\\bin\\npm-cli.js',
1 verbose cli   'publish' ]
2 info using npm@1.3.24
3 info using node@v0.10.25
4 verbose node symlink C:\Program Files\nodejs\\node.exe
5 verbose publish [ '.' ]
6 verbose cache add [ '.', null ]
7 verbose cache add name=undefined spec="." args=[".",null]
8 verbose parsed url { protocol: null,
8 verbose parsed url   slashes: null,
8 verbose parsed url   auth: null,
8 verbose parsed url   host: null,
8 verbose parsed url   port: null,
8 verbose parsed url   hostname: null,
8 verbose parsed url   hash: null,
8 verbose parsed url   search: null,
8 verbose parsed url   query: null,
8 verbose parsed url   pathname: '.',
8 verbose parsed url   path: '.',
8 verbose parsed url   href: '.' }
9 silly lockFile 3a52ce78- .
10 verbose lock . C:\Users\Troy\AppData\Roaming\npm-cache\3a52ce78-.lock
11 verbose tar pack [ 'C:\\Users\\Troy\\AppData\\Local\\Temp\\npm-1832-WJvlfaZA\\1395237319693-0.19131444627419114\\tmp.tgz',
11 verbose tar pack   '.' ]
12 verbose tarball C:\Users\Troy\AppData\Local\Temp\npm-1832-WJvlfaZA\1395237319693-0.19131444627419114\tmp.tgz
13 verbose folder .
14 info prepublish async-await@0.5.0
15 silly lockFile 1f1177db-tar tar://.
16 verbose lock tar://. C:\Users\Troy\AppData\Roaming\npm-cache\1f1177db-tar.lock
17 silly lockFile 485dfe59-9693-0-19131444627419114-tmp-tgz tar://C:\Users\Troy\AppData\Local\Temp\npm-1832-WJvlfaZA\1395237319693-0.19131444627419114\tmp.tgz
18 verbose lock tar://C:\Users\Troy\AppData\Local\Temp\npm-1832-WJvlfaZA\1395237319693-0.19131444627419114\tmp.tgz C:\Users\Troy\AppData\Roaming\npm-cache\485dfe59-9693-0-19131444627419114-tmp-tgz.lock
19 silly lockFile 1f1177db-tar tar://.
20 silly lockFile 1f1177db-tar tar://.
21 silly lockFile 485dfe59-9693-0-19131444627419114-tmp-tgz tar://C:\Users\Troy\AppData\Local\Temp\npm-1832-WJvlfaZA\1395237319693-0.19131444627419114\tmp.tgz
22 silly lockFile 485dfe59-9693-0-19131444627419114-tmp-tgz tar://C:\Users\Troy\AppData\Local\Temp\npm-1832-WJvlfaZA\1395237319693-0.19131444627419114\tmp.tgz
23 verbose tar unpack C:\Users\Troy\AppData\Local\Temp\npm-1832-WJvlfaZA\1395237319693-0.19131444627419114\tmp.tgz
24 silly lockFile 02ea4468-9693-0-19131444627419114-package tar://C:\Users\Troy\AppData\Local\Temp\npm-1832-WJvlfaZA\1395237319693-0.19131444627419114\package
25 verbose lock tar://C:\Users\Troy\AppData\Local\Temp\npm-1832-WJvlfaZA\1395237319693-0.19131444627419114\package C:\Users\Troy\AppData\Roaming\npm-cache\02ea4468-9693-0-19131444627419114-package.lock
26 silly lockFile 485dfe59-9693-0-19131444627419114-tmp-tgz tar://C:\Users\Troy\AppData\Local\Temp\npm-1832-WJvlfaZA\1395237319693-0.19131444627419114\tmp.tgz
27 verbose lock tar://C:\Users\Troy\AppData\Local\Temp\npm-1832-WJvlfaZA\1395237319693-0.19131444627419114\tmp.tgz C:\Users\Troy\AppData\Roaming\npm-cache\485dfe59-9693-0-19131444627419114-tmp-tgz.lock
28 silly gunzTarPerm modes [ '755', '644' ]
29 silly gunzTarPerm extractEntry package.json
30 silly gunzTarPerm modified mode [ 'package.json', 438, 420 ]
31 silly gunzTarPerm extractEntry .npmignore
32 silly gunzTarPerm modified mode [ '.npmignore', 438, 420 ]
33 silly gunzTarPerm extractEntry README.md
34 silly gunzTarPerm modified mode [ 'README.md', 438, 420 ]
35 silly gunzTarPerm extractEntry dist/async.js
36 silly gunzTarPerm modified mode [ 'dist/async.js', 438, 420 ]
37 silly gunzTarPerm extractEntry dist/await.js
38 silly gunzTarPerm modified mode [ 'dist/await.js', 438, 420 ]
39 silly gunzTarPerm extractEntry dist/awaitable.js
40 silly gunzTarPerm modified mode [ 'dist/awaitable.js', 438, 420 ]
41 silly gunzTarPerm extractEntry dist/index.js
42 silly gunzTarPerm modified mode [ 'dist/index.js', 438, 420 ]
43 silly gunzTarPerm extractEntry dist/async-await.d.ts
44 silly gunzTarPerm modified mode [ 'dist/async-await.d.ts', 438, 420 ]
45 silly gunzTarPerm extractEntry README.html
46 silly gunzTarPerm modified mode [ 'README.html', 438, 420 ]
47 silly lockFile 02ea4468-9693-0-19131444627419114-package tar://C:\Users\Troy\AppData\Local\Temp\npm-1832-WJvlfaZA\1395237319693-0.19131444627419114\package
48 silly lockFile 02ea4468-9693-0-19131444627419114-package tar://C:\Users\Troy\AppData\Local\Temp\npm-1832-WJvlfaZA\1395237319693-0.19131444627419114\package
49 silly lockFile 485dfe59-9693-0-19131444627419114-tmp-tgz tar://C:\Users\Troy\AppData\Local\Temp\npm-1832-WJvlfaZA\1395237319693-0.19131444627419114\tmp.tgz
50 silly lockFile 485dfe59-9693-0-19131444627419114-tmp-tgz tar://C:\Users\Troy\AppData\Local\Temp\npm-1832-WJvlfaZA\1395237319693-0.19131444627419114\tmp.tgz
51 verbose tar pack [ 'C:\\Users\\Troy\\AppData\\Roaming\\npm-cache\\async-await\\0.5.0\\package.tgz',
51 verbose tar pack   'C:\\Users\\Troy\\AppData\\Local\\Temp\\npm-1832-WJvlfaZA\\1395237319693-0.19131444627419114\\package' ]
52 verbose tarball C:\Users\Troy\AppData\Roaming\npm-cache\async-await\0.5.0\package.tgz
53 verbose folder C:\Users\Troy\AppData\Local\Temp\npm-1832-WJvlfaZA\1395237319693-0.19131444627419114\package
54 silly lockFile 02ea4468-9693-0-19131444627419114-package tar://C:\Users\Troy\AppData\Local\Temp\npm-1832-WJvlfaZA\1395237319693-0.19131444627419114\package
55 verbose lock tar://C:\Users\Troy\AppData\Local\Temp\npm-1832-WJvlfaZA\1395237319693-0.19131444627419114\package C:\Users\Troy\AppData\Roaming\npm-cache\02ea4468-9693-0-19131444627419114-package.lock
56 silly lockFile 1fe78745-he-async-await-0-5-0-package-tgz tar://C:\Users\Troy\AppData\Roaming\npm-cache\async-await\0.5.0\package.tgz
57 verbose lock tar://C:\Users\Troy\AppData\Roaming\npm-cache\async-await\0.5.0\package.tgz C:\Users\Troy\AppData\Roaming\npm-cache\1fe78745-he-async-await-0-5-0-package-tgz.lock
58 silly lockFile 02ea4468-9693-0-19131444627419114-package tar://C:\Users\Troy\AppData\Local\Temp\npm-1832-WJvlfaZA\1395237319693-0.19131444627419114\package
59 silly lockFile 02ea4468-9693-0-19131444627419114-package tar://C:\Users\Troy\AppData\Local\Temp\npm-1832-WJvlfaZA\1395237319693-0.19131444627419114\package
60 silly lockFile 1fe78745-he-async-await-0-5-0-package-tgz tar://C:\Users\Troy\AppData\Roaming\npm-cache\async-await\0.5.0\package.tgz
61 silly lockFile 1fe78745-he-async-await-0-5-0-package-tgz tar://C:\Users\Troy\AppData\Roaming\npm-cache\async-await\0.5.0\package.tgz
62 silly lockFile 027e397c--cache-async-await-0-5-0-package C:\Users\Troy\AppData\Roaming\npm-cache\async-await\0.5.0\package
63 verbose lock C:\Users\Troy\AppData\Roaming\npm-cache\async-await\0.5.0\package C:\Users\Troy\AppData\Roaming\npm-cache\027e397c--cache-async-await-0-5-0-package.lock
64 silly lockFile 027e397c--cache-async-await-0-5-0-package C:\Users\Troy\AppData\Roaming\npm-cache\async-await\0.5.0\package
65 silly lockFile 027e397c--cache-async-await-0-5-0-package C:\Users\Troy\AppData\Roaming\npm-cache\async-await\0.5.0\package
66 verbose tar unpack C:\Users\Troy\AppData\Roaming\npm-cache\async-await\0.5.0\package.tgz
67 silly lockFile 2b95681f--cache-async-await-0-5-0-package tar://C:\Users\Troy\AppData\Roaming\npm-cache\async-await\0.5.0\package
68 verbose lock tar://C:\Users\Troy\AppData\Roaming\npm-cache\async-await\0.5.0\package C:\Users\Troy\AppData\Roaming\npm-cache\2b95681f--cache-async-await-0-5-0-package.lock
69 silly lockFile 1fe78745-he-async-await-0-5-0-package-tgz tar://C:\Users\Troy\AppData\Roaming\npm-cache\async-await\0.5.0\package.tgz
70 verbose lock tar://C:\Users\Troy\AppData\Roaming\npm-cache\async-await\0.5.0\package.tgz C:\Users\Troy\AppData\Roaming\npm-cache\1fe78745-he-async-await-0-5-0-package-tgz.lock
71 silly gunzTarPerm modes [ '755', '644' ]
72 silly gunzTarPerm extractEntry package.json
73 silly gunzTarPerm modified mode [ 'package.json', 438, 420 ]
74 silly gunzTarPerm extractEntry .npmignore
75 silly gunzTarPerm modified mode [ '.npmignore', 438, 420 ]
76 silly gunzTarPerm extractEntry README.md
77 silly gunzTarPerm modified mode [ 'README.md', 438, 420 ]
78 silly gunzTarPerm extractEntry dist/async.js
79 silly gunzTarPerm modified mode [ 'dist/async.js', 438, 420 ]
80 silly gunzTarPerm extractEntry dist/await.js
81 silly gunzTarPerm modified mode [ 'dist/await.js', 438, 420 ]
82 silly gunzTarPerm extractEntry dist/awaitable.js
83 silly gunzTarPerm modified mode [ 'dist/awaitable.js', 438, 420 ]
84 silly gunzTarPerm extractEntry dist/index.js
85 silly gunzTarPerm modified mode [ 'dist/index.js', 438, 420 ]
86 silly gunzTarPerm extractEntry dist/async-await.d.ts
87 silly gunzTarPerm modified mode [ 'dist/async-await.d.ts', 438, 420 ]
88 silly gunzTarPerm extractEntry README.html
89 silly gunzTarPerm modified mode [ 'README.html', 438, 420 ]
90 silly lockFile 2b95681f--cache-async-await-0-5-0-package tar://C:\Users\Troy\AppData\Roaming\npm-cache\async-await\0.5.0\package
91 silly lockFile 2b95681f--cache-async-await-0-5-0-package tar://C:\Users\Troy\AppData\Roaming\npm-cache\async-await\0.5.0\package
92 silly lockFile 1fe78745-he-async-await-0-5-0-package-tgz tar://C:\Users\Troy\AppData\Roaming\npm-cache\async-await\0.5.0\package.tgz
93 silly lockFile 1fe78745-he-async-await-0-5-0-package-tgz tar://C:\Users\Troy\AppData\Roaming\npm-cache\async-await\0.5.0\package.tgz
94 verbose chmod C:\Users\Troy\AppData\Roaming\npm-cache\async-await\0.5.0\package.tgz 644
95 silly chown skipping for windows C:\Users\Troy\AppData\Roaming\npm-cache\async-await\0.5.0\package.tgz
96 silly lockFile 3a52ce78- .
97 silly lockFile 3a52ce78- .
98 silly publish { name: 'async-await',
98 silly publish   description: 'async/await for node.js',
98 silly publish   version: '0.5.0',
98 silly publish   keywords: [ 'async', 'await', 'fibers', 'yield' ],
98 silly publish   main: 'dist/index.js',
98 silly publish   homepage: 'https://github.com/yortus/node-async-await',
98 silly publish   repository:
98 silly publish    { type: 'git',
98 silly publish      url: 'git://github.com/yortus/node-async-await.git' },
98 silly publish   bugs: { url: 'http://github.com/yortus/node-async-await/issues' },
98 silly publish   license: 'MIT',
98 silly publish   author:
98 silly publish    { name: 'Troy Gerwien',
98 silly publish      email: 'yortus@gmail.com',
98 silly publish      url: 'http://github.com/yortus/' },
98 silly publish   readmeFilename: 'README.html',
98 silly publish   dependencies: { bluebird: '~1.1.1', fibers: '~1.0.1' },
98 silly publish   readme: '<h1>node-async-await</h1>\n\n<p>async/await for node.js</p>\n',
98 silly publish   _id: 'async-await@0.5.0',
98 silly publish   dist: { shasum: '0bb5896fb7f3528d8662279ece7f7585937c64c7' },
98 silly publish   _from: '.' }
99 verbose url raw async-await
100 verbose url resolving [ 'https://registry.npmjs.org/', './async-await' ]
101 verbose url resolved https://registry.npmjs.org/async-await
102 info trying registry request attempt 1 at 21:55:21
103 http PUT https://registry.npmjs.org/async-await
104 http 403 https://registry.npmjs.org/async-await
105 info trying registry request attempt 1 at 21:55:23
106 http PUT https://registry.npmjs.org/async-await
107 http 403 https://registry.npmjs.org/async-await
108 error publish Failed PUT 403
109 error Error: forbidden user: yortus not authorized to modify async-await
109 error Changed: description "reserved" -> "async/await for node.js"
109 error Changed: dist-tags.latest "0.0.0" -> "0.5.0"
109 error Added: versions.0.5.0
109 error Changed: readme "ERROR: No README data found!" -> "<h1>node-async-await</h1>\u000a\u000a<p>async/await for node.js</p>\u000a"
109 error Changed: time.modified "2014-03-18T06:22:45.126Z" -> "2014-03-19T13:55:06.040Z"
109 error Added: time.0.5.0
109 error Changed: homepage "https://github.com/LightSpeedWorks/async-await" -> "https://github.com/yortus/node-async-await"
109 error Changed: repository.url "https://github.com/LightSpeedWorks/async-await.git" -> "git://github.com/yortus/node-async-await.git"
109 error Changed: author.name "LightSpeedC" -> "Troy Gerwien"
109 error Added: author.email
109 error Added: author.url
109 error Changed: bugs.url "https://github.com/LightSpeedWorks/async-await/issues" -> "http://github.com/yortus/node-async-await/issues"
109 error Changed: readmeFilename "" -> "README.html"
109 error Added: keywords
109 error Added: _attachments: async-await
109 error     at RegClient.<anonymous> (C:\Program Files\nodejs\node_modules\npm\node_modules\npm-registry-client\lib\request.js:275:14)
109 error     at Request.self.callback (C:\Program Files\nodejs\node_modules\npm\node_modules\request\request.js:123:22)
109 error     at Request.EventEmitter.emit (events.js:98:17)
109 error     at Request.<anonymous> (C:\Program Files\nodejs\node_modules\npm\node_modules\request\request.js:893:14)
109 error     at Request.EventEmitter.emit (events.js:117:20)
109 error     at IncomingMessage.<anonymous> (C:\Program Files\nodejs\node_modules\npm\node_modules\request\request.js:844:12)
109 error     at IncomingMessage.EventEmitter.emit (events.js:117:20)
109 error     at _stream_readable.js:920:16
109 error     at process._tickCallback (node.js:415:13)
110 error If you need help, you may report this *entire* log,
110 error including the npm and node versions, at:
110 error     <http://github.com/isaacs/npm/issues>
111 error System Windows_NT 6.1.7601
112 error command "C:\\Program Files\\nodejs\\\\node.exe" "C:\\Program Files\\nodejs\\node_modules\\npm\\bin\\npm-cli.js" "publish"
113 error cwd V:\Projects\node-async-await
114 error node -v v0.10.25
115 error npm -v 1.3.24
116 verbose exit [ 1, true ]
